DEBUG main org.mybatis.generator.internal.db.DatabaseIntrospector - Retrieving column information for table "t_user"
DEBUG main org.mybatis.generator.internal.db.DatabaseIntrospector - Found column "id", data type 4, in table "homepage..t_user"
DEBUG main org.mybatis.generator.internal.db.DatabaseIntrospector - Found column "username", data type 12, in table "homepage..t_user"
DEBUG main org.mybatis.generator.internal.db.DatabaseIntrospector - Found column "password", data type 1, in table "homepage..t_user"
DEBUG main org.mybatis.generator.internal.db.DatabaseIntrospector - Found column "salt", data type 1, in table "homepage..t_user"
DEBUG main org.mybatis.generator.internal.db.DatabaseIntrospector - Found column "mail", data type 12, in table "homepage..t_user"
DEBUG main org.mybatis.generator.internal.db.DatabaseIntrospector - Found column "mobile", data type 1, in table "homepage..t_user"
DEBUG main org.mybatis.generator.internal.db.DatabaseIntrospector - Found column "address", data type 12, in table "homepage..t_user"
DEBUG main org.mybatis.generator.internal.db.DatabaseIntrospector - Found column "qq_number", data type 4, in table "homepage..t_user"
DEBUG main org.mybatis.generator.internal.db.DatabaseIntrospector - Found column "token", data type 12, in table "homepage..t_user"
DEBUG main org.mybatis.generator.internal.db.DatabaseIntrospector - Found column "create_time", data type 93, in table "homepage..t_user"
DEBUG main org.mybatis.generator.internal.db.DatabaseIntrospector - Found column "upd_time", data type 93, in table "homepage..t_user"
DEBUG main org.mybatis.generator.internal.db.DatabaseIntrospector - Retrieving column information for table "t_article"
DEBUG main org.mybatis.generator.internal.db.DatabaseIntrospector - Found column "id", data type 4, in table "homepage..t_article"
DEBUG main org.mybatis.generator.internal.db.DatabaseIntrospector - Found column "special_column_id", data type 4, in table "homepage..t_article"
DEBUG main org.mybatis.generator.internal.db.DatabaseIntrospector - Found column "article_title", data type 12, in table "homepage..t_article"
DEBUG main org.mybatis.generator.internal.db.DatabaseIntrospector - Found column "author", data type 12, in table "homepage..t_article"
DEBUG main org.mybatis.generator.internal.db.DatabaseIntrospector - Found column "article_content", data type -1, in table "homepage..t_article"
DEBUG main org.mybatis.generator.internal.db.DatabaseIntrospector - Found column "article_form", data type -7, in table "homepage..t_article"
DEBUG main org.mybatis.generator.internal.db.DatabaseIntrospector - Found column "check_number", data type 4, in table "homepage..t_article"
DEBUG main org.mybatis.generator.internal.db.DatabaseIntrospector - Found column "create_time", data type 91, in table "homepage..t_article"
DEBUG main org.mybatis.generator.internal.db.DatabaseIntrospector - Found column "upd_time", data type 91, in table "homepage..t_article"
DEBUG main org.mybatis.generator.internal.db.DatabaseIntrospector - Retrieving column information for table "t_comment"
DEBUG main org.mybatis.generator.internal.db.DatabaseIntrospector - Found column "id", data type 4, in table "homepage..t_comment"
DEBUG main org.mybatis.generator.internal.db.DatabaseIntrospector - Found column "user_id", data type 4, in table "homepage..t_comment"
DEBUG main org.mybatis.generator.internal.db.DatabaseIntrospector - Found column "article_id", data type 4, in table "homepage..t_comment"
DEBUG main org.mybatis.generator.internal.db.DatabaseIntrospector - Found column "content", data type -1, in table "homepage..t_comment"
DEBUG main org.mybatis.generator.internal.db.DatabaseIntrospector - Found column "create_time", data type 91, in table "homepage..t_comment"
DEBUG main org.mybatis.generator.internal.db.DatabaseIntrospector - Found column "upd_time", data type 91, in table "homepage..t_comment"
DEBUG main org.mybatis.generator.internal.db.DatabaseIntrospector - Retrieving column information for table "t_diary"
DEBUG main org.mybatis.generator.internal.db.DatabaseIntrospector - Found column "id", data type 4, in table "homepage..t_diary"
DEBUG main org.mybatis.generator.internal.db.DatabaseIntrospector - Found column "content", data type -1, in table "homepage..t_diary"
DEBUG main org.mybatis.generator.internal.db.DatabaseIntrospector - Found column "record_time", data type 91, in table "homepage..t_diary"
DEBUG main org.mybatis.generator.internal.db.DatabaseIntrospector - Found column "create_time", data type 91, in table "homepage..t_diary"
DEBUG main org.mybatis.generator.internal.db.DatabaseIntrospector - Found column "upd_time", data type 91, in table "homepage..t_diary"
DEBUG main org.mybatis.generator.internal.db.DatabaseIntrospector - Retrieving column information for table "t_special_column"
DEBUG main org.mybatis.generator.internal.db.DatabaseIntrospector - Found column "id", data type 4, in table "homepage..t_special_column"
DEBUG main org.mybatis.generator.internal.db.DatabaseIntrospector - Found column "user_id", data type 4, in table "homepage..t_special_column"
DEBUG main org.mybatis.generator.internal.db.DatabaseIntrospector - Found column "special_column_name", data type 12, in table "homepage..t_special_column"
DEBUG main org.mybatis.generator.internal.db.DatabaseIntrospector - Found column "image", data type 12, in table "homepage..t_special_column"
DEBUG main org.mybatis.generator.internal.db.DatabaseIntrospector - Found column "create_time", data type 91, in table "homepage..t_special_column"
DEBUG main org.mybatis.generator.internal.db.DatabaseIntrospector - Found column "upd_time", data type 91, in table "homepage..t_special_column"
DEBUG main org.mybatis.generator.internal.db.DatabaseIntrospector - Retrieving column information for table "t_user"
DEBUG main org.mybatis.generator.internal.db.DatabaseIntrospector - Found column "id", data type 4, in table "homepage..t_user"
DEBUG main org.mybatis.generator.internal.db.DatabaseIntrospector - Found column "username", data type 12, in table "homepage..t_user"
DEBUG main org.mybatis.generator.internal.db.DatabaseIntrospector - Found column "password", data type 1, in table "homepage..t_user"
DEBUG main org.mybatis.generator.internal.db.DatabaseIntrospector - Found column "salt", data type 1, in table "homepage..t_user"
DEBUG main org.mybatis.generator.internal.db.DatabaseIntrospector - Found column "mail", data type 12, in table "homepage..t_user"
DEBUG main org.mybatis.generator.internal.db.DatabaseIntrospector - Found column "mobile", data type 1, in table "homepage..t_user"
DEBUG main org.mybatis.generator.internal.db.DatabaseIntrospector - Found column "address", data type 12, in table "homepage..t_user"
DEBUG main org.mybatis.generator.internal.db.DatabaseIntrospector - Found column "qq_number", data type 4, in table "homepage..t_user"
DEBUG main org.mybatis.generator.internal.db.DatabaseIntrospector - Found column "token", data type 12, in table "homepage..t_user"
DEBUG main org.mybatis.generator.internal.db.DatabaseIntrospector - Found column "create_time", data type 93, in table "homepage..t_user"
DEBUG main org.mybatis.generator.internal.db.DatabaseIntrospector - Found column "upd_time", data type 93, in table "homepage..t_user"
DEBUG main org.mybatis.generator.internal.db.DatabaseIntrospector - Retrieving column information for table "t_article"
DEBUG main org.mybatis.generator.internal.db.DatabaseIntrospector - Found column "id", data type 4, in table "homepage..t_article"
DEBUG main org.mybatis.generator.internal.db.DatabaseIntrospector - Found column "special_column_id", data type 4, in table "homepage..t_article"
DEBUG main org.mybatis.generator.internal.db.DatabaseIntrospector - Found column "article_title", data type 12, in table "homepage..t_article"
DEBUG main org.mybatis.generator.internal.db.DatabaseIntrospector - Found column "author", data type 12, in table "homepage..t_article"
DEBUG main org.mybatis.generator.internal.db.DatabaseIntrospector - Found column "article_content", data type -1, in table "homepage..t_article"
DEBUG main org.mybatis.generator.internal.db.DatabaseIntrospector - Found column "article_form", data type -7, in table "homepage..t_article"
DEBUG main org.mybatis.generator.internal.db.DatabaseIntrospector - Found column "check_number", data type 4, in table "homepage..t_article"
DEBUG main org.mybatis.generator.internal.db.DatabaseIntrospector - Found column "create_time", data type 91, in table "homepage..t_article"
DEBUG main org.mybatis.generator.internal.db.DatabaseIntrospector - Found column "upd_time", data type 91, in table "homepage..t_article"
DEBUG main org.mybatis.generator.internal.db.DatabaseIntrospector - Retrieving column information for table "t_comment"
DEBUG main org.mybatis.generator.internal.db.DatabaseIntrospector - Found column "id", data type 4, in table "homepage..t_comment"
DEBUG main org.mybatis.generator.internal.db.DatabaseIntrospector - Found column "user_id", data type 4, in table "homepage..t_comment"
DEBUG main org.mybatis.generator.internal.db.DatabaseIntrospector - Found column "article_id", data type 4, in table "homepage..t_comment"
DEBUG main org.mybatis.generator.internal.db.DatabaseIntrospector - Found column "content", data type -1, in table "homepage..t_comment"
DEBUG main org.mybatis.generator.internal.db.DatabaseIntrospector - Found column "create_time", data type 91, in table "homepage..t_comment"
DEBUG main org.mybatis.generator.internal.db.DatabaseIntrospector - Found column "upd_time", data type 91, in table "homepage..t_comment"
DEBUG main org.mybatis.generator.internal.db.DatabaseIntrospector - Retrieving column information for table "t_diary"
DEBUG main org.mybatis.generator.internal.db.DatabaseIntrospector - Found column "id", data type 4, in table "homepage..t_diary"
DEBUG main org.mybatis.generator.internal.db.DatabaseIntrospector - Found column "content", data type -1, in table "homepage..t_diary"
DEBUG main org.mybatis.generator.internal.db.DatabaseIntrospector - Found column "record_time", data type 91, in table "homepage..t_diary"
DEBUG main org.mybatis.generator.internal.db.DatabaseIntrospector - Found column "create_time", data type 91, in table "homepage..t_diary"
DEBUG main org.mybatis.generator.internal.db.DatabaseIntrospector - Found column "upd_time", data type 91, in table "homepage..t_diary"
DEBUG main org.mybatis.generator.internal.db.DatabaseIntrospector - Retrieving column information for table "t_special_column"
DEBUG main org.mybatis.generator.internal.db.DatabaseIntrospector - Found column "id", data type 4, in table "homepage..t_special_column"
DEBUG main org.mybatis.generator.internal.db.DatabaseIntrospector - Found column "user_id", data type 4, in table "homepage..t_special_column"
DEBUG main org.mybatis.generator.internal.db.DatabaseIntrospector - Found column "special_column_name", data type 12, in table "homepage..t_special_column"
DEBUG main org.mybatis.generator.internal.db.DatabaseIntrospector - Found column "image", data type 12, in table "homepage..t_special_column"
DEBUG main org.mybatis.generator.internal.db.DatabaseIntrospector - Found column "create_time", data type 91, in table "homepage..t_special_column"
DEBUG main org.mybatis.generator.internal.db.DatabaseIntrospector - Found column "upd_time", data type 91, in table "homepage..t_special_column"
DEBUG main org.mybatis.generator.internal.db.DatabaseIntrospector - Retrieving column information for table "t_article"
DEBUG main org.mybatis.generator.internal.db.DatabaseIntrospector - Found column "id", data type 4, in table "homepage..t_article"
DEBUG main org.mybatis.generator.internal.db.DatabaseIntrospector - Found column "special_column_id", data type 4, in table "homepage..t_article"
DEBUG main org.mybatis.generator.internal.db.DatabaseIntrospector - Found column "article_title", data type 12, in table "homepage..t_article"
DEBUG main org.mybatis.generator.internal.db.DatabaseIntrospector - Found column "author", data type 12, in table "homepage..t_article"
DEBUG main org.mybatis.generator.internal.db.DatabaseIntrospector - Found column "article_content", data type -1, in table "homepage..t_article"
DEBUG main org.mybatis.generator.internal.db.DatabaseIntrospector - Found column "article_form", data type -7, in table "homepage..t_article"
DEBUG main org.mybatis.generator.internal.db.DatabaseIntrospector - Found column "check_number", data type 4, in table "homepage..t_article"
DEBUG main org.mybatis.generator.internal.db.DatabaseIntrospector - Found column "create_time", data type 91, in table "homepage..t_article"
DEBUG main org.mybatis.generator.internal.db.DatabaseIntrospector - Found column "upd_time", data type 91, in table "homepage..t_article"
DEBUG main org.mybatis.generator.internal.db.DatabaseIntrospector - Found override for column "article_content" in table "homepage..t_article"
DEBUG main org.mybatis.generator.internal.db.DatabaseIntrospector - Retrieving column information for table "t_comment"
DEBUG main org.mybatis.generator.internal.db.DatabaseIntrospector - Found column "id", data type 4, in table "homepage..t_comment"
DEBUG main org.mybatis.generator.internal.db.DatabaseIntrospector - Found column "user_id", data type 4, in table "homepage..t_comment"
DEBUG main org.mybatis.generator.internal.db.DatabaseIntrospector - Found column "article_id", data type 4, in table "homepage..t_comment"
DEBUG main org.mybatis.generator.internal.db.DatabaseIntrospector - Found column "content", data type -1, in table "homepage..t_comment"
DEBUG main org.mybatis.generator.internal.db.DatabaseIntrospector - Found column "create_time", data type 91, in table "homepage..t_comment"
DEBUG main org.mybatis.generator.internal.db.DatabaseIntrospector - Found column "upd_time", data type 91, in table "homepage..t_comment"
DEBUG main org.mybatis.generator.internal.db.DatabaseIntrospector - Found override for column "content" in table "homepage..t_comment"
DEBUG main org.mybatis.generator.internal.db.DatabaseIntrospector - Retrieving column information for table "t_diary"
DEBUG main org.mybatis.generator.internal.db.DatabaseIntrospector - Found column "id", data type 4, in table "homepage..t_diary"
DEBUG main org.mybatis.generator.internal.db.DatabaseIntrospector - Found column "content", data type -1, in table "homepage..t_diary"
DEBUG main org.mybatis.generator.internal.db.DatabaseIntrospector - Found column "record_time", data type 91, in table "homepage..t_diary"
DEBUG main org.mybatis.generator.internal.db.DatabaseIntrospector - Found column "create_time", data type 91, in table "homepage..t_diary"
DEBUG main org.mybatis.generator.internal.db.DatabaseIntrospector - Found column "upd_time", data type 91, in table "homepage..t_diary"
DEBUG main org.mybatis.generator.internal.db.DatabaseIntrospector - Found override for column "content" in table "homepage..t_diary"
DEBUG main org.mybatis.generator.internal.db.DatabaseIntrospector - Retrieving column information for table "t_user"
DEBUG main org.mybatis.generator.internal.db.DatabaseIntrospector - Found column "id", data type 4, in table "homepage..t_user"
DEBUG main org.mybatis.generator.internal.db.DatabaseIntrospector - Found column "username", data type 12, in table "homepage..t_user"
DEBUG main org.mybatis.generator.internal.db.DatabaseIntrospector - Found column "password", data type 1, in table "homepage..t_user"
DEBUG main org.mybatis.generator.internal.db.DatabaseIntrospector - Found column "salt", data type 1, in table "homepage..t_user"
DEBUG main org.mybatis.generator.internal.db.DatabaseIntrospector - Found column "mail", data type 12, in table "homepage..t_user"
DEBUG main org.mybatis.generator.internal.db.DatabaseIntrospector - Found column "mobile", data type 1, in table "homepage..t_user"
DEBUG main org.mybatis.generator.internal.db.DatabaseIntrospector - Found column "address", data type 12, in table "homepage..t_user"
DEBUG main org.mybatis.generator.internal.db.DatabaseIntrospector - Found column "qq_number", data type 4, in table "homepage..t_user"
DEBUG main org.mybatis.generator.internal.db.DatabaseIntrospector - Found column "token", data type 12, in table "homepage..t_user"
DEBUG main org.mybatis.generator.internal.db.DatabaseIntrospector - Found column "create_time", data type 93, in table "homepage..t_user"
DEBUG main org.mybatis.generator.internal.db.DatabaseIntrospector - Found column "upd_time", data type 93, in table "homepage..t_user"
DEBUG main org.mybatis.generator.internal.db.DatabaseIntrospector - Retrieving column information for table "t_special_column"
DEBUG main org.mybatis.generator.internal.db.DatabaseIntrospector - Found column "id", data type 4, in table "homepage..t_special_column"
DEBUG main org.mybatis.generator.internal.db.DatabaseIntrospector - Found column "user_id", data type 4, in table "homepage..t_special_column"
DEBUG main org.mybatis.generator.internal.db.DatabaseIntrospector - Found column "special_column_name", data type 12, in table "homepage..t_special_column"
DEBUG main org.mybatis.generator.internal.db.DatabaseIntrospector - Found column "image", data type 12, in table "homepage..t_special_column"
DEBUG main org.mybatis.generator.internal.db.DatabaseIntrospector - Found column "create_time", data type 91, in table "homepage..t_special_column"
DEBUG main org.mybatis.generator.internal.db.DatabaseIntrospector - Found column "upd_time", data type 91, in table "homepage..t_special_column"
